[0mGET / [36m304 [0m3.975 ms - -[0m
[0mGET /app.js [36m304 [0m1.930 ms - -[0m
[0mGET /articles [32m200 [0m22.461 ms - 5484[0m
[0mGET /articles/5b158b2dda6ce1ae2efe7890 [32m200 [0m10.874 ms - 193[0m
[0mGET / [32m200 [0m2.426 ms - 1123[0m
[0mGET /app.js [36m304 [0m0.490 ms - -[0m
[0mGET /articles [36m304 [0m4.881 ms - -[0m
[0mGET /articles/5b158b2dda6ce1ae2efe788c [32m200 [0m1.627 ms - 189[0m
[0mGET /articles/5b158b2dda6ce1ae2efe788e [32m200 [0m2.112 ms - 250[0m
[0mGET /articles/5b158b2dda6ce1ae2efe788e [36m304 [0m3.083 ms - -[0m
[0mGET /articles/5b158b2dda6ce1ae2efe788d [32m200 [0m1.822 ms - 157[0m
[0mGET /articles/5b158b2dda6ce1ae2efe789c [32m200 [0m1.370 ms - 169[0m
[0mPOST /articles/5b158b2dda6ce1ae2efe789c [32m200 [0m90.720 ms - 203[0m
[0mGET /articles/5b158b2dda6ce1ae2efe789c [32m200 [0m45.559 ms - 269[0m
[0mGET / [36m304 [0m0.276 ms - -[0m
[0mGET /app.js [36m304 [0m0.354 ms - -[0m
[0mGET /articles [32m200 [0m3.055 ms - 5518[0m
[0mGET /articles/5b158b2dda6ce1ae2efe7897 [32m200 [0m1.473 ms - 155[0m
[0mPOST /articles/5b158b2dda6ce1ae2efe7897 [32m200 [0m5.383 ms - 189[0m
[0mGET /articles/5b158b2dda6ce1ae2efe7899 [32m200 [0m1.438 ms - 163[0m
[0mGET /articles/5b158b2dda6ce1ae2efe7897 [32m200 [0m4.042 ms - 256[0m
[0mGET / [32m200 [0m6.079 ms - 1123[0m
[0mGET /app.js [32m200 [0m1.144 ms - 2351[0m
[0mGET /articles [32m200 [0m18.595 ms - 2[0m
[0mGET /scrape [32m200 [0m436.012 ms - 15[0m
[0mGET /articles [32m200 [0m12.427 ms - 5520[0m
[0mGET / [36m304 [0m2.694 ms - -[0m
[0mGET /app.js [36m304 [0m0.571 ms - -[0m
[0mGET /articles [36m304 [0m11.885 ms - -[0m
[0mGET / [32m200 [0m12.390 ms - 1123[0m
[0mGET /robots.txt [33m404 [0m11.596 ms - 149[0m
[0mGET /app.js [32m200 [0m1.672 ms - 2351[0m
[0mGET /articles [32m200 [0m27.804 ms - 5520[0m
